<?xml version="1.0" encoding="UTF-8"?>
<!-- Generated by org.testng.reporters.JUnitXMLReporter -->
<testsuite hostname="Charu" name="Test" tests="3" failures="0" timestamp="21 May 2019 04:10:46 GMT" time="51.043" errors="0">
  <testcase name="secondSession" time="49.607" classname="automation.ParallelTesting"/>
  <testcase name="thirdSession" time="49.617" classname="automation.ParallelTesting"/>
  <testcase name="firstSession" time="50.915" classname="automation.ParallelTesting"/>
</testsuite> <!-- Test -->
