<?xml version="1.0" encoding="UTF-8"?>
<testng-results skipped="0" failed="0" total="1" passed="1">
  <reporter-output>
  </reporter-output>
  <suite name="Default suite" duration-ms="46705" started-at="2019-05-22T03:12:40Z" finished-at="2019-05-22T03:13:27Z">
    <groups>
    </groups>
    <test name="Default test" duration-ms="46705" started-at="2019-05-22T03:12:40Z" finished-at="2019-05-22T03:13:27Z">
      <class name="automation.SoftAssertExample">
        <test-method status="PASS" signature="verifyHomePage()[pri:0, instance:automation.SoftAssertExample@73035e27]" name="verifyHomePage" duration-ms="46634" started-at="2019-05-22T08:42:40Z" finished-at="2019-05-22T08:43:27Z">
          <reporter-output>
          </reporter-output>
        </test-method> <!-- verifyHomePage -->
      </class> <!-- automation.SoftAssertExample -->
    </test> <!-- Default test -->
  </suite> <!-- Default suite -->
</testng-results>
